{"/Users/rajatbansal/offline_repos/crypto-app-v2/src/App.js": {"path":"/Users/rajatbansal/offline_repos/crypto-app-v2/src/App.js","statementMap":{"0":{"start":{"line":7,"column":2},"end":{"line":12,"column":4}}},"fnMap":{"0":{"name":"App","decl":{"start":{"line":6,"column":9},"end":{"line":6,"column":12}},"loc":{"start":{"line":6,"column":15},"end":{"line":13,"column":1}},"line":6}},"branchMap":{},"s":{"0":1},"f":{"0":1},"b":{},"_coverageSchema":"43e27e138ebf9cfc5966b082cf9a028302ed4184","hash":"185a823a0d53763cfc2b6fc12f827ac2c3be5930"}
,"/Users/rajatbansal/offline_repos/crypto-app-v2/src/Routing/Router.js": {"path":"/Users/rajatbansal/offline_repos/crypto-app-v2/src/Routing/Router.js","statementMap":{"0":{"start":{"line":7,"column":16},"end":{"line":14,"column":1}},"1":{"start":{"line":8,"column":4},"end":{"line":13,"column":6}}},"fnMap":{"0":{"name":"(anonymous_0)","decl":{"start":{"line":7,"column":16},"end":{"line":7,"column":17}},"loc":{"start":{"line":7,"column":22},"end":{"line":14,"column":1}},"line":7}},"branchMap":{},"s":{"0":1,"1":1},"f":{"0":1},"b":{},"_coverageSchema":"43e27e138ebf9cfc5966b082cf9a028302ed4184","hash":"4652354118304e2a679eb2f87fbf52b9da4105f8"}
,"/Users/rajatbansal/offline_repos/crypto-app-v2/src/components/Form/FormContainer.jsx": {"path":"/Users/rajatbansal/offline_repos/crypto-app-v2/src/components/Form/FormContainer.jsx","statementMap":{"0":{"start":{"line":8,"column":4},"end":{"line":8,"column":12}},"1":{"start":{"line":9,"column":4},"end":{"line":11,"column":6}},"2":{"start":{"line":13,"column":4},"end":{"line":13,"column":53}},"3":{"start":{"line":17,"column":4},"end":{"line":17,"column":61}},"4":{"start":{"line":21,"column":22},"end":{"line":21,"column":32}},"5":{"start":{"line":23,"column":4},"end":{"line":33,"column":6}}},"fnMap":{"0":{"name":"(anonymous_0)","decl":{"start":{"line":7,"column":2},"end":{"line":7,"column":3}},"loc":{"start":{"line":7,"column":16},"end":{"line":14,"column":3}},"line":7},"1":{"name":"(anonymous_1)","decl":{"start":{"line":16,"column":2},"end":{"line":16,"column":3}},"loc":{"start":{"line":16,"column":22},"end":{"line":18,"column":3}},"line":16},"2":{"name":"(anonymous_2)","decl":{"start":{"line":20,"column":2},"end":{"line":20,"column":3}},"loc":{"start":{"line":20,"column":11},"end":{"line":34,"column":3}},"line":20}},"branchMap":{},"s":{"0":0,"1":0,"2":0,"3":0,"4":0,"5":0},"f":{"0":0,"1":0,"2":0},"b":{},"_coverageSchema":"43e27e138ebf9cfc5966b082cf9a028302ed4184","hash":"6ad0967fac1c94592f99b0332e487e5f1c772900"}
,"/Users/rajatbansal/offline_repos/crypto-app-v2/src/components/Header/Header.jsx": {"path":"/Users/rajatbansal/offline_repos/crypto-app-v2/src/components/Header/Header.jsx","statementMap":{"0":{"start":{"line":8,"column":8},"end":{"line":21,"column":10}}},"fnMap":{"0":{"name":"(anonymous_0)","decl":{"start":{"line":7,"column":4},"end":{"line":7,"column":5}},"loc":{"start":{"line":7,"column":13},"end":{"line":22,"column":5}},"line":7}},"branchMap":{},"s":{"0":1},"f":{"0":1},"b":{},"_coverageSchema":"43e27e138ebf9cfc5966b082cf9a028302ed4184","hash":"c0cf4bdadbf9b13274cf433b24f845ebd9a160d0"}
,"/Users/rajatbansal/offline_repos/crypto-app-v2/src/components/Input/Input.jsx": {"path":"/Users/rajatbansal/offline_repos/crypto-app-v2/src/components/Input/Input.jsx","statementMap":{"0":{"start":{"line":4,"column":14},"end":{"line":17,"column":1}},"1":{"start":{"line":5,"column":2},"end":{"line":16,"column":8}},"2":{"start":{"line":19,"column":0},"end":{"line":26,"column":2}}},"fnMap":{"0":{"name":"(anonymous_0)","decl":{"start":{"line":4,"column":14},"end":{"line":4,"column":15}},"loc":{"start":{"line":5,"column":2},"end":{"line":16,"column":8}},"line":5}},"branchMap":{},"s":{"0":1,"1":0,"2":1},"f":{"0":0},"b":{},"_coverageSchema":"43e27e138ebf9cfc5966b082cf9a028302ed4184","hash":"89f60c57ed416d10b50a1d234f65dc8cd66d5485"}
,"/Users/rajatbansal/offline_repos/crypto-app-v2/src/components/Landing/Landing.jsx": {"path":"/Users/rajatbansal/offline_repos/crypto-app-v2/src/components/Landing/Landing.jsx","statementMap":{"0":{"start":{"line":5,"column":8},"end":{"line":9,"column":10}}},"fnMap":{"0":{"name":"(anonymous_0)","decl":{"start":{"line":4,"column":4},"end":{"line":4,"column":5}},"loc":{"start":{"line":4,"column":13},"end":{"line":10,"column":5}},"line":4}},"branchMap":{},"s":{"0":1},"f":{"0":1},"b":{},"_coverageSchema":"43e27e138ebf9cfc5966b082cf9a028302ed4184","hash":"bc1bd9585245db6ba5ea4c906d1638b973741c5a"}
}
